{"ray": {"sid": "ad5417fd9f874485beb7a61d82151e6b", "uid": null, "qid": "58db40be47cf4ec48cc96300db250672", "rid": null, "bars": {"default": {"percent": "100", "remaining": "0"}}, "messages": [{"type": "ERROR", "content": "process - failed executing: [58db40be47cf4ec48cc96300db250672]\nTraceback (most recent call last):\n  File \"/home/dennis/Desktop/ai-test/venv/lib/python3.10/site-packages/openfabric_pysdk/app/worker.py\", line 95, in process\n    output = execution_callback_function(data, ray, self.state)\nTypeError: execute() takes 1 positional argument but 3 were given\n", "created_at": "2025-04-22T09:24:58.565377"}], "status": "FAILED", "created_at": "2025-04-22T09:24:58.393819", "updated_at": "2025-04-22T09:24:58.566391", "finished": true}, "in": {"prompt": "test", "attachments": null}, "out": {}}